#
# There is insufficient memory for the Java Runtime Environment to continue.
# Native memory allocation (malloc) failed to allocate 363088 bytes. Error detail: Chunk::new
# Possible reasons:
#   The system is out of physical RAM or swap space
#   This process is running with CompressedOops enabled, and the Java Heap may be blocking the growth of the native heap
# Possible solutions:
#   Reduce memory load on the system
#   Increase physical memory or swap space
#   Check if swap backing store is full
#   Decrease Java heap size (-Xmx/-Xms)
#   Decrease number of Java threads
#   Decrease Java thread stack sizes (-Xss)
#   Set larger code cache with -XX:ReservedCodeCacheSize=
#   JVM is running with Unscaled Compressed Oops mode in which the Java heap is
#     placed in the first 4GB address space. The Java Heap base address is the
#     maximum limit for the native heap growth. Please use -XX:HeapBaseMinAddress
#     to set the Java Heap base and to place the Java Heap above 4GB virtual address.
# This output file may be truncated or incomplete.
#
#  Out of Memory Error (arena.cpp:150), pid=17264, tid=19420
#
# JRE version: OpenJDK Runtime Environment (22.0.1+8) (build 22.0.1+8-16)
# Java VM: OpenJDK 64-Bit Server VM (22.0.1+8-16, mixed mode, sharing, tiered, compressed oops, compressed class ptrs, g1 gc, windows-amd64)
# No core dump will be written. Minidumps are not enabled by default on client versions of Windows
#

---------------  S U M M A R Y ------------

Command Line: -javaagent:C:\Program Files\JetBrains\IntelliJ IDEA Community Edition 2025.2.6\lib\idea_rt.jar=28704 -Dfile.encoding=UTF-8 -Dsun.stdout.encoding=UTF-8 -Dsun.stderr.encoding=UTF-8 com.gaurav.CryptoTradingPlatform

Host: 11th Gen Intel(R) Core(TM) i3-1125G4 @ 2.00GHz, 8 cores, 7G,  Windows 11 , 64 bit Build 26100 (10.0.26100.7623)
Time: Sat Feb  7 23:54:38 2026 India Standard Time elapsed time: 2797.778248 seconds (0d 0h 46m 37s)

---------------  T H R E A D  ---------------

Current thread (0x00000149c1133bf0):  JavaThread "C2 CompilerThread0" daemon [_thread_in_native, id=19420, stack(0x0000003515100000,0x0000003515200000) (1024K)]


Current CompileTask:
C2:2797778 21184   !   4       org.springframework.web.servlet.mvc.method.annotation.ExceptionHandlerExceptionResolver::doResolveHandlerMethodException (368 bytes)

Stack: [0x0000003515100000,0x0000003515200000]
Native frames: (J=compiled Java code, j=interpreted, Vv=VM code, C=native code)
V  [jvm.dll+0x6e2279]  (no source info available)
V  [jvm.dll+0x874e33]  (no source info available)
V  [jvm.dll+0x87725e]  (no source info available)
V  [jvm.dll+0x877933]  (no source info available)
V  [jvm.dll+0x27fd76]  (no source info available)
V  [jvm.dll+0xc3d0f]  (no source info available)
V  [jvm.dll+0xc3f6b]  (no source info available)
V  [jvm.dll+0x1d78af]  (no source info available)
V  [jvm.dll+0x6729d5]  (no source info available)
V  [jvm.dll+0x670ee5]  (no source info available)
V  [jvm.dll+0x247797]  (no source info available)
V  [jvm.dll+0x246fbf]  (no source info available)
V  [jvm.dll+0x1c4e90]  (no source info available)
V  [jvm.dll+0x2569fe]  (no source info available)
V  [jvm.dll+0x254cba]  (no source info available)
V  [jvm.dll+0x3f5336]  (no source info available)
V  [jvm.dll+0x81d44b]  (no source info available)
V  [jvm.dll+0x6e0915]  (no source info available)
C  [ucrtbase.dll+0x37b0]  (no source info available)
C  [KERNEL32.DLL+0x2e8d7]  (no source info available)
C  [ntdll.dll+0x8c53c]  (no source info available)


---------------  P R O C E S S  ---------------

Threads class SMR info:
_java_thread_list=0x00000149e7ced0c0, length=32, elements={
0x00000149e2b7e490, 0x00000149c1123190, 0x00000149c112d270, 0x00000149c112e040,
0x00000149c112efa0, 0x00000149c112faf0, 0x00000149c1133bf0, 0x00000149c113f040,
0x00000149c12117e0, 0x00000149c147a6a0, 0x00000149c13a75f0, 0x00000149e7c36410,
0x00000149e81855a0, 0x00000149c3058210, 0x00000149c27792c0, 0x00000149c2776b60,
0x00000149c2160a60, 0x00000149c2161780, 0x00000149c215f020, 0x00000149c2161e10,
0x00000149c215f6b0, 0x00000149c215e990, 0x00000149c215fd40, 0x00000149c2162b30,
0x00000149c2163ee0, 0x00000149c21631c0, 0x00000149c2164570, 0x00000149c2165290,
0x00000149c2163850, 0x00000149c2165920, 0x00000149c2164c00, 0x00000149c35d34d0
}

Java Threads: ( => current thread )
  0x00000149e2b7e490 JavaThread "Reference Handler"          daemon [_thread_blocked, id=15728, stack(0x0000003514b00000,0x0000003514c00000) (1024K)]
  0x00000149c1123190 JavaThread "Finalizer"                  daemon [_thread_blocked, id=29440, stack(0x0000003514c00000,0x0000003514d00000) (1024K)]
  0x00000149c112d270 JavaThread "Signal Dispatcher"          daemon [_thread_blocked, id=144, stack(0x0000003514d00000,0x0000003514e00000) (1024K)]
  0x00000149c112e040 JavaThread "Attach Listener"            daemon [_thread_blocked, id=20360, stack(0x0000003514e00000,0x0000003514f00000) (1024K)]
  0x00000149c112efa0 JavaThread "Service Thread"             daemon [_thread_blocked, id=6744, stack(0x0000003514f00000,0x0000003515000000) (1024K)]
  0x00000149c112faf0 JavaThread "Monitor Deflation Thread"   daemon [_thread_blocked, id=31968, stack(0x0000003515000000,0x0000003515100000) (1024K)]
=>0x00000149c1133bf0 JavaThread "C2 CompilerThread0"         daemon [_thread_in_native, id=19420, stack(0x0000003515100000,0x0000003515200000) (1024K)]
  0x00000149c113f040 JavaThread "C1 CompilerThread0"         daemon [_thread_blocked, id=32624, stack(0x0000003515200000,0x0000003515300000) (1024K)]
  0x00000149c12117e0 JavaThread "Common-Cleaner"             daemon [_thread_blocked, id=24360, stack(0x0000003515300000,0x0000003515400000) (1024K)]
  0x00000149c147a6a0 JavaThread "Monitor Ctrl-Break"         daemon [_thread_in_native, id=16004, stack(0x0000003515600000,0x0000003515700000) (1024K)]
  0x00000149c13a75f0 JavaThread "Notification Thread"        daemon [_thread_blocked, id=30192, stack(0x0000003515700000,0x0000003515800000) (1024K)]
  0x00000149e7c36410 JavaThread "Catalina-utility-1"                [_thread_blocked, id=30084, stack(0x0000003515f00000,0x0000003516000000) (1024K)]
  0x00000149e81855a0 JavaThread "Catalina-utility-2"                [_thread_blocked, id=4480, stack(0x0000003516300000,0x0000003516400000) (1024K)]
  0x00000149c3058210 JavaThread "container-0"                       [_thread_blocked, id=9472, stack(0x0000003516400000,0x0000003516500000) (1024K)]
  0x00000149c27792c0 JavaThread "mysql-cj-abandoned-connection-cleanup" daemon [_thread_blocked, id=26880, stack(0x0000003516500000,0x0000003516600000) (1024K)]
  0x00000149c2776b60 JavaThread "HikariPool-1 housekeeper"   daemon [_thread_blocked, id=26936, stack(0x0000003516700000,0x0000003516800000) (1024K)]
  0x00000149c2160a60 JavaThread "File Watcher"               daemon [_thread_blocked, id=27696, stack(0x0000003516800000,0x0000003516900000) (1024K)]
  0x00000149c2161780 JavaThread "Live Reload Server"         daemon [_thread_in_native, id=16152, stack(0x0000003516a00000,0x0000003516b00000) (1024K)]
  0x00000149c215f020 JavaThread "http-nio-5454-exec-1"       daemon [_thread_blocked, id=32056, stack(0x0000003516900000,0x0000003516a00000) (1024K)]
  0x00000149c2161e10 JavaThread "http-nio-5454-exec-2"       daemon [_thread_blocked, id=12096, stack(0x0000003516b00000,0x0000003516c00000) (1024K)]
  0x00000149c215f6b0 JavaThread "http-nio-5454-exec-3"       daemon [_thread_blocked, id=29884, stack(0x0000003516c00000,0x0000003516d00000) (1024K)]
  0x00000149c215e990 JavaThread "http-nio-5454-exec-4"       daemon [_thread_blocked, id=31232, stack(0x0000003516d00000,0x0000003516e00000) (1024K)]
  0x00000149c215fd40 JavaThread "http-nio-5454-exec-5"       daemon [_thread_blocked, id=27380, stack(0x0000003516e00000,0x0000003516f00000) (1024K)]
  0x00000149c2162b30 JavaThread "http-nio-5454-exec-6"       daemon [_thread_blocked, id=32512, stack(0x0000003516f00000,0x0000003517000000) (1024K)]
  0x00000149c2163ee0 JavaThread "http-nio-5454-exec-7"       daemon [_thread_blocked, id=14748, stack(0x0000003517000000,0x0000003517100000) (1024K)]
  0x00000149c21631c0 JavaThread "http-nio-5454-exec-8"       daemon [_thread_blocked, id=30840, stack(0x0000003517100000,0x0000003517200000) (1024K)]
  0x00000149c2164570 JavaThread "http-nio-5454-exec-9"       daemon [_thread_blocked, id=30188, stack(0x0000003517200000,0x0000003517300000) (1024K)]
  0x00000149c2165290 JavaThread "http-nio-5454-exec-10"      daemon [_thread_blocked, id=12176, stack(0x0000003517300000,0x0000003517400000) (1024K)]
  0x00000149c2163850 JavaThread "http-nio-5454-Poller"       daemon [_thread_in_native, id=33176, stack(0x0000003517400000,0x0000003517500000) (1024K)]
  0x00000149c2165920 JavaThread "http-nio-5454-Acceptor"     daemon [_thread_in_native, id=3388, stack(0x0000003517500000,0x0000003517600000) (1024K)]
  0x00000149c2164c00 JavaThread "DestroyJavaVM"                     [_thread_blocked, id=31160, stack(0x0000003514300000,0x0000003514400000) (1024K)]
  0x00000149c35d34d0 JavaThread "C2 CompilerThread1"         daemon [_thread_blocked, id=26508, stack(0x0000003514000000,0x0000003514100000) (1024K)]
Total: 32

Other Threads:
  0x00000149e2b5e360 VMThread "VM Thread"                           [id=21432, stack(0x0000003514a00000,0x0000003514b00000) (1024K)]
  0x00000149e2b43d00 WatcherThread "VM Periodic Task Thread"        [id=19336, stack(0x0000003514900000,0x0000003514a00000) (1024K)]
  0x00000149c68e0b00 WorkerThread "GC Thread#0"                     [id=5864, stack(0x0000003514400000,0x0000003514500000) (1024K)]
  0x00000149c1cc6590 WorkerThread "GC Thread#1"                     [id=21528, stack(0x0000003515a00000,0x0000003515b00000) (1024K)]
  0x00000149c1cc6940 WorkerThread "GC Thread#2"                     [id=33756, stack(0x0000003515b00000,0x0000003515c00000) (1024K)]
  0x00000149c1cc7100 WorkerThread "GC Thread#3"                     [id=20036, stack(0x0000003515c00000,0x0000003515d00000) (1024K)]
  0x00000149c1bbd4b0 WorkerThread "GC Thread#4"                     [id=27444, stack(0x0000003515d00000,0x0000003515e00000) (1024K)]
  0x00000149c1bbdfc0 WorkerThread "GC Thread#5"                     [id=32020, stack(0x0000003515e00000,0x0000003515f00000) (1024K)]
  0x00000149c1bbd860 WorkerThread "GC Thread#6"                     [id=19372, stack(0x0000003516000000,0x0000003516100000) (1024K)]
  0x00000149c1bbdc10 WorkerThread "GC Thread#7"                     [id=32036, stack(0x0000003516100000,0x0000003516200000) (1024K)]
  0x00000149c68f1f10 ConcurrentGCThread "G1 Main Marker"            [id=12692, stack(0x0000003514500000,0x0000003514600000) (1024K)]
  0x00000149c68f3590 WorkerThread "G1 Conc#0"                       [id=26088, stack(0x0000003514600000,0x0000003514700000) (1024K)]
  0x00000149c1bbe370 WorkerThread "G1 Conc#1"                       [id=33380, stack(0x0000003516200000,0x0000003516300000) (1024K)]
  0x00000149e2a13070 ConcurrentGCThread "G1 Refine#0"               [id=26692, stack(0x0000003514700000,0x0000003514800000) (1024K)]
  0x00000149e2a168c0 ConcurrentGCThread "G1 Service"                [id=19824, stack(0x0000003514800000,0x0000003514900000) (1024K)]
Total: 15

Threads with active compile tasks:
C2 CompilerThread0  2797890 21184   !   4       org.springframework.web.servlet.mvc.method.annotation.ExceptionHandlerExceptionResolver::doResolveHandlerMethodException (368 bytes)
Total: 1

VM state: not at safepoint (normal execution)

VM Mutex/Monitor currently owned by a thread: None

Heap address: 0x0000000085800000, size: 1960 MB, Compressed Oops mode: 32-bit

CDS archive(s) mapped at: [0x0000014980000000-0x0000014980c50000-0x0000014980c50000), size 12910592, SharedBaseAddress: 0x0000014980000000, ArchiveRelocationMode: 1.
Compressed class space mapped at: 0x0000014981000000-0x00000149c1000000, reserved size: 1073741824
Narrow klass base: 0x0000014980000000, Narrow klass shift: 0, Narrow klass range: 0x41000000

GC Precious Log:
 CardTable entry size: 512
 Card Set container configuration: InlinePtr #cards 5 size 8 Array Of Cards #cards 12 size 40 Howl #buckets 4 coarsen threshold 1843 Howl Bitmap #cards 512 size 80 coarsen threshold 460 Card regions per heap region 1 cards per card region 2048
 CPUs: 8 total, 8 available
 Memory: 7834M
 Large Page Support: Disabled
 NUMA Support: Disabled
 Compressed Oops: Enabled (32-bit)
 Heap Region Size: 1M
 Heap Min Capacity: 8M
 Heap Initial Capacity: 124M
 Heap Max Capacity: 1960M
 Pre-touch: Disabled
 Parallel Workers: 8
 Concurrent Workers: 2
 Concurrent Refinement Workers: 8
 Periodic GC: Disabled

Heap:
 garbage-first heap   total reserved 2007040K, committed 91136K, used 55963K [0x0000000085800000, 0x0000000100000000)
  region size 1024K, 18 young (18432K), 1 survivors (1024K)
 Metaspace       used 94832K, committed 95744K, reserved 1179648K
  class space    used 11903K, committed 12416K, reserved 1048576K

Heap Regions: E=young(eden), S=young(survivor), O=old, HS=humongous(starts), HC=humongous(continues), CS=collection set, F=free, TAMS=top-at-mark-start, PB=parsable bottom
|   0|0x0000000085800000, 0x0000000085900000, 0x0000000085900000|100%|HS|  |TAMS 0x0000000085800000| PB 0x0000000085800000| Complete |  0
|   1|0x0000000085900000, 0x0000000085a00000, 0x0000000085a00000|100%| O|  |TAMS 0x0000000085900000| PB 0x0000000085900000| Untracked |  0
|   2|0x0000000085a00000, 0x0000000085b00000, 0x0000000085b00000|100%| O|  |TAMS 0x0000000085a00000| PB 0x0000000085a00000| Untracked |  0
|   3|0x0000000085b00000, 0x0000000085c00000, 0x0000000085c00000|100%| O|  |TAMS 0x0000000085b00000| PB 0x0000000085b00000| Untracked |  0
|   4|0x0000000085c00000, 0x0000000085d00000, 0x0000000085d00000|100%| O|  |TAMS 0x0000000085c00000| PB 0x0000000085c00000| Untracked |  0
|   5|0x0000000085d00000, 0x0000000085d00000, 0x0000000085e00000|  0%| F|  |TAMS 0x0000000085d00000| PB 0x0000000085d00000| Untracked |  0
|   6|0x0000000085e00000, 0x0000000085f00000, 0x0000000085f00000|100%| O|  |TAMS 0x0000000085e00000| PB 0x0000000085e00000| Untracked |  0
|   7|0x0000000085f00000, 0x0000000086000000, 0x0000000086000000|100%| O|  |TAMS 0x0000000085f00000| PB 0x0000000085f00000| Untracked |  0
|   8|0x0000000086000000, 0x0000000086100000, 0x0000000086100000|100%| O|  |TAMS 0x0000000086000000| PB 0x0000000086000000| Untracked |  0
|   9|0x0000000086100000, 0x0000000086177c10, 0x0000000086200000| 46%| O|  |TAMS 0x0000000086100000| PB 0x0000000086100000| Untracked |  0
|  10|0x0000000086200000, 0x0000000086300000, 0x0000000086300000|100%| O|  |TAMS 0x0000000086200000| PB 0x0000000086200000| Untracked |  0
|  11|0x0000000086300000, 0x0000000086400000, 0x0000000086400000|100%| O|  |TAMS 0x0000000086300000| PB 0x0000000086300000| Untracked |  0
|  12|0x0000000086400000, 0x0000000086500000, 0x0000000086500000|100%| O|  |TAMS 0x0000000086400000| PB 0x0000000086400000| Untracked |  0
|  13|0x0000000086500000, 0x0000000086600000, 0x0000000086600000|100%| O|  |TAMS 0x0000000086500000| PB 0x0000000086500000| Untracked |  0
|  14|0x0000000086600000, 0x0000000086700000, 0x0000000086700000|100%| O|  |TAMS 0x0000000086600000| PB 0x0000000086600000| Untracked |  0
|  15|0x0000000086700000, 0x0000000086800000, 0x0000000086800000|100%| O|  |TAMS 0x0000000086700000| PB 0x0000000086700000| Untracked |  0
|  16|0x0000000086800000, 0x0000000086900000, 0x0000000086900000|100%| O|  |TAMS 0x0000000086800000| PB 0x0000000086800000| Untracked |  0
|  17|0x0000000086900000, 0x0000000086a00000, 0x0000000086a00000|100%| O|  |TAMS 0x0000000086900000| PB 0x0000000086900000| Untracked |  0
|  18|0x0000000086a00000, 0x0000000086b00000, 0x0000000086b00000|100%| O|  |TAMS 0x0000000086a00000| PB 0x0000000086a00000| Untracked |  0
|  19|0x0000000086b00000, 0x0000000086c00000, 0x0000000086c00000|100%| O|  |TAMS 0x0000000086b00000| PB 0x0000000086b00000| Untracked |  0
|  20|0x0000000086c00000, 0x0000000086d00000, 0x0000000086d00000|100%| O|  |TAMS 0x0000000086c00000| PB 0x0000000086c00000| Untracked |  0
|  21|0x0000000086d00000, 0x0000000086e00000, 0x0000000086e00000|100%| O|  |TAMS 0x0000000086d00000| PB 0x0000000086d00000| Untracked |  0
|  22|0x0000000086e00000, 0x0000000086f00000, 0x0000000086f00000|100%| O|  |TAMS 0x0000000086e00000| PB 0x0000000086e00000| Untracked |  0
|  23|0x0000000086f00000, 0x0000000087000000, 0x0000000087000000|100%| O|  |TAMS 0x0000000086f00000| PB 0x0000000086f00000| Untracked |  0
|  24|0x0000000087000000, 0x0000000087100000, 0x0000000087100000|100%| O|  |TAMS 0x0000000087000000| PB 0x0000000087000000| Untracked |  0
|  25|0x0000000087100000, 0x0000000087200000, 0x0000000087200000|100%| O|  |TAMS 0x0000000087100000| PB 0x0000000087100000| Untracked |  0
|  26|0x0000000087200000, 0x0000000087300000, 0x0000000087300000|100%| O|  |TAMS 0x0000000087200000| PB 0x0000000087200000| Untracked |  0
|  27|0x0000000087300000, 0x0000000087400000, 0x0000000087400000|100%| O|  |TAMS 0x0000000087300000| PB 0x0000000087300000| Untracked |  0
|  28|0x0000000087400000, 0x0000000087500000, 0x0000000087500000|100%| O|  |TAMS 0x0000000087400000| PB 0x0000000087400000| Untracked |  0
|  29|0x0000000087500000, 0x0000000087600000, 0x0000000087600000|100%| O|  |TAMS 0x0000000087500000| PB 0x0000000087500000| Untracked |  0
|  30|0x0000000087600000, 0x0000000087700000, 0x0000000087700000|100%| O|  |TAMS 0x0000000087600000| PB 0x0000000087600000| Untracked |  0
|  31|0x0000000087700000, 0x0000000087800000, 0x0000000087800000|100%| O|  |TAMS 0x0000000087700000| PB 0x0000000087700000| Untracked |  0
|  32|0x0000000087800000, 0x0000000087900000, 0x0000000087900000|100%| O|  |TAMS 0x0000000087800000| PB 0x0000000087800000| Untracked |  0
|  33|0x0000000087900000, 0x0000000087a00000, 0x0000000087a00000|100%| O|  |TAMS 0x0000000087900000| PB 0x0000000087900000| Untracked |  0
|  34|0x0000000087a00000, 0x0000000087b00000, 0x0000000087b00000|100%| O|  |TAMS 0x0000000087a00000| PB 0x0000000087a00000| Untracked |  0
|  35|0x0000000087b00000, 0x0000000087c00000, 0x0000000087c00000|100%| O|  |TAMS 0x0000000087b00000| PB 0x0000000087b00000| Untracked |  0
|  36|0x0000000087c00000, 0x0000000087c00000, 0x0000000087d00000|  0%| F|  |TAMS 0x0000000087c00000| PB 0x0000000087c00000| Untracked |  0
|  37|0x0000000087d00000, 0x0000000087e00000, 0x0000000087e00000|100%| O|  |TAMS 0x0000000087d00000| PB 0x0000000087d00000| Untracked |  0
|  38|0x0000000087e00000, 0x0000000087f00000, 0x0000000087f00000|100%| O|  |TAMS 0x0000000087e00000| PB 0x0000000087e00000| Untracked |  0
|  39|0x0000000087f00000, 0x0000000088000000, 0x0000000088000000|100%| O|  |TAMS 0x0000000087f00000| PB 0x0000000087f00000| Untracked |  0
|  40|0x0000000088000000, 0x0000000088000000, 0x0000000088100000|  0%| F|  |TAMS 0x0000000088000000| PB 0x0000000088000000| Untracked |  0
|  41|0x0000000088100000, 0x0000000088100000, 0x0000000088200000|  0%| F|  |TAMS 0x0000000088100000| PB 0x0000000088100000| Untracked |  0
|  42|0x0000000088200000, 0x0000000088200000, 0x0000000088300000|  0%| F|  |TAMS 0x0000000088200000| PB 0x0000000088200000| Untracked |  0
|  43|0x0000000088300000, 0x0000000088400000, 0x0000000088400000|100%| O|  |TAMS 0x0000000088300000| PB 0x0000000088300000| Untracked |  0
|  44|0x0000000088400000, 0x0000000088500000, 0x0000000088500000|100%| O|  |TAMS 0x0000000088400000| PB 0x0000000088400000| Untracked |  0
|  45|0x0000000088500000, 0x0000000088500000, 0x0000000088600000|  0%| F|  |TAMS 0x0000000088500000| PB 0x0000000088500000| Untracked |  0
|  46|0x0000000088600000, 0x000000008862f000, 0x0000000088700000| 18%| S|CS|TAMS 0x0000000088600000| PB 0x0000000088600000| Complete |  0
|  47|0x0000000088700000, 0x0000000088700000, 0x0000000088800000|  0%| F|  |TAMS 0x0000000088700000| PB 0x0000000088700000| Untracked |  0
|  48|0x0000000088800000, 0x0000000088800000, 0x0000000088900000|  0%| F|  |TAMS 0x0000000088800000| PB 0x0000000088800000| Untracked |  0
|  49|0x0000000088900000, 0x0000000088900000, 0x0000000088a00000|  0%| F|  |TAMS 0x0000000088900000| PB 0x0000000088900000| Untracked |  0
|  50|0x0000000088a00000, 0x0000000088a00000, 0x0000000088b00000|  0%| F|  |TAMS 0x0000000088a00000| PB 0x0000000088a00000| Untracked |  0
|  51|0x0000000088b00000, 0x0000000088b00000, 0x0000000088c00000|  0%| F|  |TAMS 0x0000000088b00000| PB 0x0000000088b00000| Untracked |  0
|  52|0x0000000088c00000, 0x0000000088c00000, 0x0000000088d00000|  0%| F|  |TAMS 0x0000000088c00000| PB 0x0000000088c00000| Untracked |  0
|  53|0x0000000088d00000, 0x0000000088d00000, 0x0000000088e00000|  0%| F|  |TAMS 0x0000000088d00000| PB 0x0000000088d00000| Untracked |  0
|  54|0x0000000088e00000, 0x0000000088e00000, 0x0000000088f00000|  0%| F|  |TAMS 0x0000000088e00000| PB 0x0000000088e00000| Untracked |  0
|  55|0x0000000088f00000, 0x0000000088f00000, 0x0000000089000000|  0%| F|  |TAMS 0x0000000088f00000| PB 0x0000000088f00000| Untracked |  0
|  56|0x0000000089000000, 0x0000000089000000, 0x0000000089100000|  0%| F|  |TAMS 0x0000000089000000| PB 0x0000000089000000| Untracked |  0
|  57|0x0000000089100000, 0x0000000089100000, 0x0000000089200000|  0%| F|  |TAMS 0x0000000089100000| PB 0x0000000089100000| Untracked |  0
|  58|0x0000000089200000, 0x0000000089200000, 0x0000000089300000|  0%| F|  |TAMS 0x0000000089200000| PB 0x0000000089200000| Untracked |  0
|  59|0x0000000089300000, 0x0000000089300000, 0x0000000089400000|  0%| F|  |TAMS 0x0000000089300000| PB 0x0000000089300000| Untracked |  0
|  60|0x0000000089400000, 0x0000000089400000, 0x0000000089500000|  0%| F|  |TAMS 0x0000000089400000| PB 0x0000000089400000| Untracked |  0
|  61|0x0000000089500000, 0x0000000089500000, 0x0000000089600000|  0%| F|  |TAMS 0x0000000089500000| PB 0x0000000089500000| Untracked |  0
|  62|0x0000000089600000, 0x0000000089600000, 0x0000000089700000|  0%| F|  |TAMS 0x0000000089600000| PB 0x0000000089600000| Untracked |  0
|  63|0x0000000089700000, 0x0000000089700000, 0x0000000089800000|  0%| F|  |TAMS 0x0000000089700000| PB 0x0000000089700000| Untracked |  0
|  64|0x0000000089800000, 0x0000000089800000, 0x0000000089900000|  0%| F|  |TAMS 0x0000000089800000| PB 0x0000000089800000| Untracked |  0
|  65|0x0000000089900000, 0x0000000089900000, 0x0000000089a00000|  0%| F|  |TAMS 0x0000000089900000| PB 0x0000000089900000| Untracked |  0
|  66|0x0000000089a00000, 0x0000000089a00000, 0x0000000089b00000|  0%| F|  |TAMS 0x0000000089a00000| PB 0x0000000089a00000| Untracked |  0
|  67|0x0000000089b00000, 0x0000000089b00000, 0x0000000089c00000|  0%| F|  |TAMS 0x0000000089b00000| PB 0x0000000089b00000| Untracked |  0
|  68|0x0000000089c00000, 0x0000000089c00000, 0x0000000089d00000|  0%| F|  |TAMS 0x0000000089c00000| PB 0x0000000089c00000| Untracked |  0
|  69|0x0000000089d00000, 0x0000000089d00000, 0x0000000089e00000|  0%| F|  |TAMS 0x0000000089d00000| PB 0x0000000089d00000| Untracked |  0
|  70|0x0000000089e00000, 0x0000000089e00000, 0x0000000089f00000|  0%| F|  |TAMS 0x0000000089e00000| PB 0x0000000089e00000| Untracked |  0
|  71|0x0000000089f00000, 0x0000000089f00000, 0x000000008a000000|  0%| F|  |TAMS 0x0000000089f00000| PB 0x0000000089f00000| Untracked |  0
|  72|0x000000008a000000, 0x000000008a045d68, 0x000000008a100000| 27%| E|  |TAMS 0x000000008a000000| PB 0x000000008a000000| Complete |  0
|  73|0x000000008a100000, 0x000000008a200000, 0x000000008a200000|100%| E|CS|TAMS 0x000000008a100000| PB 0x000000008a100000| Complete |  0
|  74|0x000000008a200000, 0x000000008a300000, 0x000000008a300000|100%| E|CS|TAMS 0x000000008a200000| PB 0x000000008a200000| Complete |  0
|  75|0x000000008a300000, 0x000000008a400000, 0x000000008a400000|100%| E|  |TAMS 0x000000008a300000| PB 0x000000008a300000| Complete |  0
|  76|0x000000008a400000, 0x000000008a500000, 0x000000008a500000|100%| E|CS|TAMS 0x000000008a400000| PB 0x000000008a400000| Complete |  0
|  77|0x000000008a500000, 0x000000008a600000, 0x000000008a600000|100%| E|CS|TAMS 0x000000008a500000| PB 0x000000008a500000| Complete |  0
|  78|0x000000008a600000, 0x000000008a700000, 0x000000008a700000|100%| E|CS|TAMS 0x000000008a600000| PB 0x000000008a600000| Complete |  0
|  79|0x000000008a700000, 0x000000008a800000, 0x000000008a800000|100%| E|CS|TAMS 0x000000008a700000| PB 0x000000008a700000| Complete |  0
|  80|0x000000008a800000, 0x000000008a900000, 0x000000008a900000|100%| E|CS|TAMS 0x000000008a800000| PB 0x000000008a800000| Complete |  0
|  83|0x000000008ab00000, 0x000000008ac00000, 0x000000008ac00000|100%| E|CS|TAMS 0x000000008ab00000| PB 0x000000008ab00000| Complete |  0
|  84|0x000000008ac00000, 0x000000008ad00000, 0x000000008ad00000|100%| E|CS|TAMS 0x000000008ac00000| PB 0x000000008ac00000| Complete |  0
|  85|0x000000008ad00000, 0x000000008ae00000, 0x000000008ae00000|100%| E|CS|TAMS 0x000000008ad00000| PB 0x000000008ad00000| Complete |  0
|  86|0x000000008ae00000, 0x000000008af00000, 0x000000008af00000|100%| E|CS|TAMS 0x000000008ae00000| PB 0x000000008ae00000| Complete |  0
|  87|0x000000008af00000, 0x000000008b000000, 0x000000008b000000|100%| E|CS|TAMS 0x000000008af00000| PB 0x000000008af00000| Complete |  0
|  88|0x000000008b000000, 0x000000008b100000, 0x000000008b100000|100%| E|CS|TAMS 0x000000008b000000| PB 0x000000008b000000| Complete |  0
| 122|0x000000008d200000, 0x000000008d300000, 0x000000008d300000|100%| E|CS|TAMS 0x000000008d200000| PB 0x000000008d200000| Complete |  0
| 123|0x000000008d300000, 0x000000008d400000, 0x000000008d400000|100%| E|CS|TAMS 0x000000008d300000| PB 0x000000008d300000| Complete |  0

Card table byte_map: [0x00000149de2c0000,0x00000149de6a0000] _byte_map_base: 0x00000149dde94000

Marking Bits: (CMBitMap*) 0x00000149c68e1210
 Bits: [0x00000149de6a0000, 0x00000149e0540000)

Polling page: 0x00000149c44f0000

Metaspace:

Usage:
  Non-class:     80.99 MB used.
      Class:     11.62 MB used.
       Both:     92.61 MB used.

Virtual space:
  Non-class space:      128.00 MB reserved,      81.38 MB ( 64%) committed,  2 nodes.
      Class space:        1.00 GB reserved,      12.12 MB (  1%) committed,  1 nodes.
             Both:        1.12 GB reserved,      93.50 MB (  8%) committed. 

Chunk freelists:
   Non-Class:  14.45 MB
       Class:  3.98 MB
        Both:  18.43 MB

MaxMetaspaceSize: unlimited
CompressedClassSpaceSize: 1.00 GB
Initial GC threshold: 21.00 MB
Current GC threshold: 155.75 MB
CDS: on
 - commit_granule_bytes: 65536.
 - commit_granule_words: 8192.
 - virtual_space_node_default_size: 8388608.
 - enlarge_chunks_in_place: 1.
 - use_allocation_guard: 0.


Internal statistics:

num_allocs_failed_limit: 6.
num_arena_births: 1588.
num_arena_deaths: 332.
num_vsnodes_births: 3.
num_vsnodes_deaths: 0.
num_space_committed: 1496.
num_space_uncommitted: 0.
num_chunks_returned_to_freelist: 390.
num_chunks_taken_from_freelist: 5219.
num_chunk_merges: 80.
num_chunk_splits: 3492.
num_chunks_enlarged: 2582.
num_inconsistent_stats: 0.

CodeHeap 'non-profiled nmethods': size=120000Kb used=9973Kb max_used=9973Kb free=110026Kb
 bounds [0x00000149d6680000, 0x00000149d70d0000, 0x00000149ddbb0000]
CodeHeap 'profiled nmethods': size=120000Kb used=2214Kb max_used=21355Kb free=117785Kb
 bounds [0x00000149cebb0000, 0x00000149d0090000, 0x00000149d60e0000]
CodeHeap 'non-nmethods': size=5760Kb used=2116Kb max_used=2187Kb free=3643Kb
 bounds [0x00000149d60e0000, 0x00000149d6350000, 0x00000149d6680000]
 total_blobs=3498 nmethods=2646 adapters=755
 compilation: enabled
              stopped_count=0, restarted_count=0
 full_count=0

Compilation events (20 events):
Event: 2792.590 Thread 0x00000149c113f040 nmethod 21180 0x00000149cf46ca10 code [0x00000149cf46cc40, 0x00000149cf46d3e8]
Event: 2792.592 Thread 0x00000149c1133bf0 21181       4       org.springframework.web.servlet.mvc.method.annotation.ModelAndViewMethodReturnValueHandler::supportsReturnType (10 bytes)
Event: 2792.594 Thread 0x00000149c1133bf0 nmethod 21181 0x00000149d6779b10 code [0x00000149d6779ca0, 0x00000149d6779db0]
Event: 2792.636 Thread 0x00000149c1133bf0 21182   !   4       org.apache.coyote.Response::checkSpecialHeader (42 bytes)
Event: 2792.639 Thread 0x00000149c113f040 21183       3       sun.security.ssl.BaseSSLSocketImpl::setSoTimeout (25 bytes)
Event: 2792.639 Thread 0x00000149c1133bf0 nmethod 21182 0x00000149d69edc90 code [0x00000149d69ede40, 0x00000149d69ee040]
Event: 2792.639 Thread 0x00000149c113f040 nmethod 21183 0x00000149cf2fdc90 code [0x00000149cf2fde60, 0x00000149cf2fe0d8]
Event: 2792.640 Thread 0x00000149c1133bf0 21184   !   4       org.springframework.web.servlet.mvc.method.annotation.ExceptionHandlerExceptionResolver::doResolveHandlerMethodException (368 bytes)
Event: 2794.708 Thread 0x00000149c113f040 21185       1       com.mysql.cj.conf.AbstractRuntimeProperty::getPropertyDefinition (5 bytes)
Event: 2794.708 Thread 0x00000149c113f040 nmethod 21185 0x00000149d6776890 code [0x00000149d6776a20, 0x00000149d6776ae8]
Event: 2794.708 Thread 0x00000149c113f040 21188   !   3       java.net.Socket::getImpl (115 bytes)
Event: 2794.710 Thread 0x00000149c113f040 nmethod 21188 0x00000149cfef6310 code [0x00000149cfef6600, 0x00000149cfef7560]
Event: 2794.710 Thread 0x00000149c113f040 21186       3       sun.security.ssl.SSLSocketImpl::setSoTimeout (6 bytes)
Event: 2794.710 Thread 0x00000149c113f040 nmethod 21186 0x00000149cf2fd090 code [0x00000149cf2fd260, 0x00000149cf2fd538]
Event: 2794.710 Thread 0x00000149c113f040 21189   !   3       sun.nio.ch.NioSocketImpl::setOption (538 bytes)
Event: 2794.712 Thread 0x00000149c113f040 nmethod 21189 0x00000149cee8d790 code [0x00000149cee8dd00, 0x00000149cee90520]
Event: 2794.712 Thread 0x00000149c113f040 21187       3       com.mysql.cj.conf.AbstractRuntimeProperty::setValue (80 bytes)
Event: 2794.713 Thread 0x00000149c113f040 nmethod 21187 0x00000149cf813010 code [0x00000149cf8132a0, 0x00000149cf814098]
Event: 2794.713 Thread 0x00000149c113f040 21193       3       sun.util.locale.provider.TimeZoneNameUtility::retrieveDisplayNamesImpl (205 bytes)
Event: 2795.719 Thread 0x00000149c113f040 nmethod 21193 0x00000149cf5d6b90 code [0x00000149cf5d6ee0, 0x00000149cf5d8bc0]

GC Heap History (20 events):
Event: 2787.094 GC heap before
{Heap before GC invocations=172 (full 0):
 garbage-first heap   total reserved 2007040K, committed 91136K, used 82494K [0x0000000085800000, 0x0000000100000000)
  region size 1024K, 43 young (44032K), 1 survivors (1024K)
 Metaspace       used 94827K, committed 95744K, reserved 1179648K
  class space    used 11903K, committed 12416K, reserved 1048576K
}
Event: 2787.096 GC heap after
{Heap after GC invocations=173 (full 0):
 garbage-first heap   total reserved 2007040K, committed 91136K, used 40548K [0x0000000085800000, 0x0000000100000000)
  region size 1024K, 1 young (1024K), 1 survivors (1024K)
 Metaspace       used 94827K, committed 95744K, reserved 1179648K
  class space    used 11903K, committed 12416K, reserved 1048576K
}
Event: 2787.427 GC heap before
{Heap before GC invocations=174 (full 0):
 garbage-first heap   total reserved 2007040K, committed 91136K, used 82532K [0x0000000085800000, 0x0000000100000000)
  region size 1024K, 43 young (44032K), 1 survivors (1024K)
 Metaspace       used 94827K, committed 95744K, reserved 1179648K
  class space    used 11903K, committed 12416K, reserved 1048576K
}
Event: 2787.429 GC heap after
{Heap after GC invocations=175 (full 0):
 garbage-first heap   total reserved 2007040K, committed 91136K, used 40521K [0x0000000085800000, 0x0000000100000000)
  region size 1024K, 1 young (1024K), 1 survivors (1024K)
 Metaspace       used 94827K, committed 95744K, reserved 1179648K
  class space    used 11903K, committed 12416K, reserved 1048576K
}
Event: 2787.758 GC heap before
{Heap before GC invocations=175 (full 0):
 garbage-first heap   total reserved 2007040K, committed 91136K, used 82505K [0x0000000085800000, 0x0000000100000000)
  region size 1024K, 43 young (44032K), 1 survivors (1024K)
 Metaspace       used 94827K, committed 95744K, reserved 1179648K
  class space    used 11903K, committed 12416K, reserved 1048576K
}
Event: 2787.759 GC heap after
{Heap after GC invocations=176 (full 0):
 garbage-first heap   total reserved 2007040K, committed 91136K, used 40495K [0x0000000085800000, 0x0000000100000000)
  region size 1024K, 1 young (1024K), 1 survivors (1024K)
 Metaspace       used 94827K, committed 95744K, reserved 1179648K
  class space    used 11903K, committed 12416K, reserved 1048576K
}
Event: 2788.123 GC heap before
{Heap before GC invocations=177 (full 0):
 garbage-first heap   total reserved 2007040K, committed 91136K, used 83503K [0x0000000085800000, 0x0000000100000000)
  region size 1024K, 43 young (44032K), 1 survivors (1024K)
 Metaspace       used 94828K, committed 95744K, reserved 1179648K
  class space    used 11903K, committed 12416K, reserved 1048576K
}
Event: 2788.124 GC heap after
{Heap after GC invocations=178 (full 0):
 garbage-first heap   total reserved 2007040K, committed 91136K, used 40491K [0x0000000085800000, 0x0000000100000000)
  region size 1024K, 1 young (1024K), 1 survivors (1024K)
 Metaspace       used 94828K, committed 95744K, reserved 1179648K
  class space    used 11903K, committed 12416K, reserved 1048576K
}
Event: 2788.451 GC heap before
{Heap before GC invocations=178 (full 0):
 garbage-first heap   total reserved 2007040K, committed 91136K, used 82475K [0x0000000085800000, 0x0000000100000000)
  region size 1024K, 43 young (44032K), 1 survivors (1024K)
 Metaspace       used 94828K, committed 95744K, reserved 1179648K
  class space    used 11903K, committed 12416K, reserved 1048576K
}
Event: 2788.453 GC heap after
{Heap after GC invocations=179 (full 0):
 garbage-first heap   total reserved 2007040K, committed 91136K, used 40499K [0x0000000085800000, 0x0000000100000000)
  region size 1024K, 1 young (1024K), 1 survivors (1024K)
 Metaspace       used 94828K, committed 95744K, reserved 1179648K
  class space    used 11903K, committed 12416K, reserved 1048576K
}
Event: 2788.784 GC heap before
{Heap before GC invocations=180 (full 0):
 garbage-first heap   total reserved 2007040K, committed 91136K, used 82483K [0x0000000085800000, 0x0000000100000000)
  region size 1024K, 43 young (44032K), 1 survivors (1024K)
 Metaspace       used 94828K, committed 95744K, reserved 1179648K
  class space    used 11903K, committed 12416K, reserved 1048576K
}
Event: 2788.785 GC heap after
{Heap after GC invocations=181 (full 0):
 garbage-first heap   total reserved 2007040K, committed 91136K, used 40507K [0x0000000085800000, 0x0000000100000000)
  region size 1024K, 1 young (1024K), 1 survivors (1024K)
 Metaspace       used 94828K, committed 95744K, reserved 1179648K
  class space    used 11903K, committed 12416K, reserved 1048576K
}
Event: 2789.110 GC heap before
{Heap before GC invocations=181 (full 0):
 garbage-first heap   total reserved 2007040K, committed 91136K, used 82491K [0x0000000085800000, 0x0000000100000000)
  region size 1024K, 43 young (44032K), 1 survivors (1024K)
 Metaspace       used 94828K, committed 95744K, reserved 1179648K
  class space    used 11903K, committed 12416K, reserved 1048576K
}
Event: 2789.112 GC heap after
{Heap after GC invocations=182 (full 0):
 garbage-first heap   total reserved 2007040K, committed 91136K, used 40508K [0x0000000085800000, 0x0000000100000000)
  region size 1024K, 1 young (1024K), 1 survivors (1024K)
 Metaspace       used 94828K, committed 95744K, reserved 1179648K
  class space    used 11903K, committed 12416K, reserved 1048576K
}
Event: 2789.423 GC heap before
{Heap before GC invocations=183 (full 0):
 garbage-first heap   total reserved 2007040K, committed 91136K, used 82492K [0x0000000085800000, 0x0000000100000000)
  region size 1024K, 43 young (44032K), 1 survivors (1024K)
 Metaspace       used 94828K, committed 95744K, reserved 1179648K
  class space    used 11903K, committed 12416K, reserved 1048576K
}
Event: 2789.425 GC heap after
{Heap after GC invocations=184 (full 0):
 garbage-first heap   total reserved 2007040K, committed 91136K, used 40519K [0x0000000085800000, 0x0000000100000000)
  region size 1024K, 1 young (1024K), 1 survivors (1024K)
 Metaspace       used 94828K, committed 95744K, reserved 1179648K
  class space    used 11903K, committed 12416K, reserved 1048576K
}
Event: 2789.773 GC heap before
{Heap before GC invocations=184 (full 0):
 garbage-first heap   total reserved 2007040K, committed 91136K, used 82503K [0x0000000085800000, 0x0000000100000000)
  region size 1024K, 43 young (44032K), 1 survivors (1024K)
 Metaspace       used 94828K, committed 95744K, reserved 1179648K
  class space    used 11903K, committed 12416K, reserved 1048576K
}
Event: 2789.774 GC heap after
{Heap after GC invocations=185 (full 0):
 garbage-first heap   total reserved 2007040K, committed 91136K, used 40581K [0x0000000085800000, 0x0000000100000000)
  region size 1024K, 1 young (1024K), 1 survivors (1024K)
 Metaspace       used 94828K, committed 95744K, reserved 1179648K
  class space    used 11903K, committed 12416K, reserved 1048576K
}
Event: 2790.121 GC heap before
{Heap before GC invocations=186 (full 0):
 garbage-first heap   total reserved 2007040K, committed 91136K, used 82565K [0x0000000085800000, 0x0000000100000000)
  region size 1024K, 43 young (44032K), 1 survivors (1024K)
 Metaspace       used 94829K, committed 95744K, reserved 1179648K
  class space    used 11903K, committed 12416K, reserved 1048576K
}
Event: 2790.122 GC heap after
{Heap after GC invocations=187 (full 0):
 garbage-first heap   total reserved 2007040K, committed 91136K, used 40603K [0x0000000085800000, 0x0000000100000000)
  region size 1024K, 1 young (1024K), 1 survivors (1024K)
 Metaspace       used 94829K, committed 95744K, reserved 1179648K
  class space    used 11903K, committed 12416K, reserved 1048576K
}

Dll operation events (14 events):
Event: 0.014 Loaded shared library C:\Users\gaurav yadav\.jdks\openjdk-22.0.1\bin\java.dll
Event: 0.056 Loaded shared library C:\Users\gaurav yadav\.jdks\openjdk-22.0.1\bin\jsvml.dll
Event: 0.186 Loaded shared library C:\Users\gaurav yadav\.jdks\openjdk-22.0.1\bin\zip.dll
Event: 0.190 Loaded shared library C:\Users\gaurav yadav\.jdks\openjdk-22.0.1\bin\instrument.dll
Event: 0.194 Loaded shared library C:\Users\gaurav yadav\.jdks\openjdk-22.0.1\bin\net.dll
Event: 0.196 Loaded shared library C:\Users\gaurav yadav\.jdks\openjdk-22.0.1\bin\nio.dll
Event: 0.198 Loaded shared library C:\Users\gaurav yadav\.jdks\openjdk-22.0.1\bin\zip.dll
Event: 0.315 Loaded shared library C:\Users\gaurav yadav\.jdks\openjdk-22.0.1\bin\extnet.dll
Event: 0.343 Loaded shared library C:\Users\gaurav yadav\.jdks\openjdk-22.0.1\bin\jimage.dll
Event: 0.623 Loaded shared library C:\Users\gaurav yadav\.jdks\openjdk-22.0.1\bin\management.dll
Event: 0.625 Loaded shared library C:\Users\gaurav yadav\.jdks\openjdk-22.0.1\bin\management_ext.dll
Event: 1.119 Loaded shared library C:\Users\gaurav yadav\.jdks\openjdk-22.0.1\bin\le.dll
Event: 1.848 Loaded shared library C:\Users\gaurav yadav\.jdks\openjdk-22.0.1\bin\sunmscapi.dll
Event: 4.337 Loaded shared library C:\Users\gaurav yadav\.jdks\openjdk-22.0.1\bin\verify.dll

Deoptimization events (20 events):
Event: 2778.727 Thread 0x00000149c215fd40 Uncommon trap: reason=array_check action=maybe_recompile pc=0x00000149d67a7db8 method=org.hibernate.sql.exec.spi.JdbcParametersList$Builder.add(Lorg/hibernate/sql/ast/tree/expression/JdbcParameter;)V @ 70 c2
Event: 2778.727 Thread 0x00000149c215fd40 DEOPT PACKING pc=0x00000149d67a7db8 sp=0x0000003516efa8d0
Event: 2778.727 Thread 0x00000149c215fd40 DEOPT UNPACKING pc=0x00000149d6137da2 sp=0x0000003516efa7d8 mode 2
Event: 2778.728 Thread 0x00000149c2161e10 DEOPT UNPACKING pc=0x00000149d6137da2 sp=0x0000003516bfa478 mode 2
Event: 2788.852 Thread 0x00000149c2162b30 Uncommon trap: trap_request=0xffffffd6 fr.pc=0x00000149d68b3564 relative=0x00000000000006a4
Event: 2788.852 Thread 0x00000149c2162b30 Uncommon trap: reason=array_check action=maybe_recompile pc=0x00000149d68b3564 method=org.apache.coyote.http11.Http11InputBuffer.addActiveFilter(Lorg/apache/coyote/http11/InputFilter;)V @ 79 c2
Event: 2788.852 Thread 0x00000149c2162b30 DEOPT PACKING pc=0x00000149d68b3564 sp=0x0000003516ffe910
Event: 2788.853 Thread 0x00000149c2162b30 DEOPT UNPACKING pc=0x00000149d6137da2 sp=0x0000003516ffe8c8 mode 2
Event: 2788.854 Thread 0x00000149c215f020 Uncommon trap: trap_request=0xffffffd6 fr.pc=0x00000149d68b3564 relative=0x00000000000006a4
Event: 2788.854 Thread 0x00000149c215f020 Uncommon trap: reason=array_check action=maybe_recompile pc=0x00000149d68b3564 method=org.apache.coyote.http11.Http11InputBuffer.addActiveFilter(Lorg/apache/coyote/http11/InputFilter;)V @ 79 c2
Event: 2788.854 Thread 0x00000149c215f020 DEOPT PACKING pc=0x00000149d68b3564 sp=0x00000035169fec70
Event: 2788.854 Thread 0x00000149c215f020 DEOPT UNPACKING pc=0x00000149d6137da2 sp=0x00000035169fec28 mode 2
Event: 2788.861 Thread 0x00000149c2163ee0 Uncommon trap: trap_request=0xffffffd6 fr.pc=0x00000149d68b3564 relative=0x00000000000006a4
Event: 2788.861 Thread 0x00000149c2163ee0 Uncommon trap: reason=array_check action=maybe_recompile pc=0x00000149d68b3564 method=org.apache.coyote.http11.Http11InputBuffer.addActiveFilter(Lorg/apache/coyote/http11/InputFilter;)V @ 79 c2
Event: 2788.861 Thread 0x00000149c2163ee0 DEOPT PACKING pc=0x00000149d68b3564 sp=0x00000035170fefe0
Event: 2788.861 Thread 0x00000149c2163ee0 DEOPT UNPACKING pc=0x00000149d6137da2 sp=0x00000035170fef98 mode 2
Event: 2788.862 Thread 0x00000149c215f6b0 Uncommon trap: trap_request=0xffffffd6 fr.pc=0x00000149d68b3564 relative=0x00000000000006a4
Event: 2788.862 Thread 0x00000149c215f6b0 Uncommon trap: reason=array_check action=maybe_recompile pc=0x00000149d68b3564 method=org.apache.coyote.http11.Http11InputBuffer.addActiveFilter(Lorg/apache/coyote/http11/InputFilter;)V @ 79 c2
Event: 2788.862 Thread 0x00000149c215f6b0 DEOPT PACKING pc=0x00000149d68b3564 sp=0x0000003516cfea60
Event: 2788.863 Thread 0x00000149c215f6b0 DEOPT UNPACKING pc=0x00000149d6137da2 sp=0x0000003516cfea18 mode 2

Classes loaded (20 events):
Event: 1816.021 Loading class java/net/URLEncoder
Event: 1816.022 Loading class java/net/URLEncoder done
Event: 1816.022 Loading class jdk/internal/util/ImmutableBitSetPredicate
Event: 1816.023 Loading class jdk/internal/util/ImmutableBitSetPredicate done
Event: 1816.023 Loading class jdk/internal/util/ImmutableBitSetPredicate$SmallImmutableBitSetPredicate
Event: 1816.023 Loading class jdk/internal/util/ImmutableBitSetPredicate$SmallImmutableBitSetPredicate done
Event: 1816.519 Loading class sun/net/www/http/PosterOutputStream
Event: 1816.519 Loading class sun/net/www/http/PosterOutputStream done
Event: 1817.150 Loading class sun/net/www/http/KeepAliveStream
Event: 1817.151 Loading class sun/net/www/MeteredStream
Event: 1817.151 Loading class sun/net/www/MeteredStream done
Event: 1817.151 Loading class sun/net/www/http/KeepAliveStream done
Event: 1817.151 Loading class sun/net/www/http/KeepAliveStreamCleaner
Event: 1817.152 Loading class sun/net/www/http/KeepAliveStreamCleaner done
Event: 1817.153 Loading class sun/net/www/http/KeepAliveStreamCleaner$1
Event: 1817.153 Loading class sun/net/www/http/KeepAliveStreamCleaner$1 done
Event: 1817.153 Loading class sun/net/www/http/KeepAliveStreamCleaner$2
Event: 1817.154 Loading class sun/net/www/http/KeepAliveStreamCleaner$2 done
Event: 2768.989 Loading class sun/util/locale/LocaleExtensions
Event: 2769.084 Loading class sun/util/locale/LocaleExtensions done

Classes unloaded (20 events):
Event: 2018.008 Thread 0x00000149e2b5e360 Unloading class 0x00000149813ab000 'java/lang/invoke/LambdaForm$MH+0x00000149813ab000'
Event: 2018.008 Thread 0x00000149e2b5e360 Unloading class 0x0000014981366400 'java/lang/invoke/LambdaForm$MH+0x0000014981366400'
Event: 2018.008 Thread 0x00000149e2b5e360 Unloading class 0x0000014981365400 'java/lang/invoke/LambdaForm$MH+0x0000014981365400'
Event: 2018.008 Thread 0x00000149e2b5e360 Unloading class 0x0000014981365000 'java/lang/invoke/LambdaForm$MH+0x0000014981365000'
Event: 2018.008 Thread 0x00000149e2b5e360 Unloading class 0x0000014981364800 'java/lang/invoke/LambdaForm$MH+0x0000014981364800'
Event: 2018.008 Thread 0x00000149e2b5e360 Unloading class 0x0000014981364000 'java/lang/invoke/LambdaForm$MH+0x0000014981364000'
Event: 2018.008 Thread 0x00000149e2b5e360 Unloading class 0x0000014981015400 'java/lang/invoke/LambdaForm$MH+0x0000014981015400'
Event: 2308.185 Thread 0x00000149e2b5e360 Unloading class 0x0000014981ba4800 'java/lang/invoke/LambdaForm$MH+0x0000014981ba4800'
Event: 2308.185 Thread 0x00000149e2b5e360 Unloading class 0x0000014981ba4400 'java/lang/invoke/LambdaForm$MH+0x0000014981ba4400'
Event: 2308.185 Thread 0x00000149e2b5e360 Unloading class 0x0000014981ae4000 'java/lang/invoke/LambdaForm$MH+0x0000014981ae4000'
Event: 2308.186 Thread 0x00000149e2b5e360 Unloading class 0x0000014981a1c000 'java/lang/invoke/LambdaForm$MH+0x0000014981a1c000'
Event: 2308.186 Thread 0x00000149e2b5e360 Unloading class 0x00000149819d8000 'java/lang/invoke/LambdaForm$MH+0x00000149819d8000'
Event: 2308.186 Thread 0x00000149e2b5e360 Unloading class 0x00000149819a4000 'java/lang/invoke/LambdaForm$MH+0x00000149819a4000'
Event: 2308.186 Thread 0x00000149e2b5e360 Unloading class 0x000001498195c000 'java/lang/invoke/LambdaForm$MH+0x000001498195c000'
Event: 2308.186 Thread 0x00000149e2b5e360 Unloading class 0x00000149814ac000 'java/lang/invoke/LambdaForm$MH+0x00000149814ac000'
Event: 2308.186 Thread 0x00000149e2b5e360 Unloading class 0x00000149813ec400 'java/lang/invoke/LambdaForm$MH+0x00000149813ec400'
Event: 2308.187 Thread 0x00000149e2b5e360 Unloading class 0x00000149810bc000 'java/lang/invoke/LambdaForm$MH+0x00000149810bc000'
Event: 2308.187 Thread 0x00000149e2b5e360 Unloading class 0x000001498101b800 'java/lang/invoke/LambdaForm$MH+0x000001498101b800'
Event: 2308.187 Thread 0x00000149e2b5e360 Unloading class 0x000001498101b000 'java/lang/invoke/LambdaForm$MH+0x000001498101b000'
Event: 2308.187 Thread 0x00000149e2b5e360 Unloading class 0x000001498101a800 'java/lang/invoke/LambdaForm$MH+0x000001498101a800'

Classes redefined (0 events):
No events

Internal exceptions (20 events):
Event: 223.818 Thread 0x00000149c21631c0 Implicit null exception at 0x00000149d6c83f3f to 0x00000149d6c8533c
Event: 223.818 Thread 0x00000149c21631c0 Implicit null exception at 0x00000149d6c28253 to 0x00000149d6c28668
Event: 456.072 Thread 0x00000149c215fd40 Exception <a 'java/io/IOException'{0x0000000088b81dc8}> (0x0000000088b81dc8) 
thrown [s\open\src\hotspot\share\prims\jni.cpp, line 520]
Event: 1203.464 Thread 0x00000149c215e990 Implicit null exception at 0x00000149d6c70651 to 0x00000149d6c71724
Event: 1203.464 Thread 0x00000149c215f6b0 Implicit null exception at 0x00000149d6c70651 to 0x00000149d6c71724
Event: 1203.464 Thread 0x00000149c2163ee0 Implicit null exception at 0x00000149d6c70651 to 0x00000149d6c71724
Event: 1203.465 Thread 0x00000149c215e990 Implicit null exception at 0x00000149d6c70651 to 0x00000149d6c71724
Event: 1203.467 Thread 0x00000149c21631c0 Implicit null exception at 0x00000149d6c70651 to 0x00000149d6c71724
Event: 1698.535 Thread 0x00000149c2163ee0 Implicit null exception at 0x00000149d68a8825 to 0x00000149d68aab5c
Event: 1710.530 Thread 0x00000149c2162b30 Implicit null exception at 0x00000149d672a12d to 0x00000149d672c4d0
Event: 1725.489 Thread 0x00000149c215f020 Exception <a 'java/lang/IncompatibleClassChangeError'{0x000000008af82b98}: Found class java.lang.Object, but interface was expected> (0x000000008af82b98) 
thrown [s\open\src\hotspot\share\interpreter\linkResolver.cpp, line 841]
Event: 1790.555 Thread 0x00000149c215f020 Exception <a 'java/lang/NoSuchMethodError'{0x0000000088ed5298}: 'long java.lang.invoke.DirectMethodHandle$Holder.invokeSpecial(java.lang.Object, java.lang.Object, long, java.lang.Object, java.lang.Object, int, java.lang.Object)'> (0x0000000088ed5298) 
thrown [s\open\src\hotspot\share\interpreter\linkResolver.cpp, line 774]
Event: 1796.647 Thread 0x00000149c37bb130 Exception <a 'java/io/IOException'{0x0000000088da6d58}> (0x0000000088da6d58) 
thrown [s\open\src\hotspot\share\prims\jni.cpp, line 520]
Event: 1891.954 Thread 0x00000149c21631c0 Implicit null exception at 0x00000149d6c20bde to 0x00000149d6c20cac
Event: 1960.542 Thread 0x00000149c2163ee0 Exception <a 'java/lang/NoSuchMethodError'{0x0000000089090610}: 'java.lang.Object java.lang.invoke.DelegatingMethodHandle$Holder.reinvoke_L(java.lang.Object, java.lang.Object, java.lang.Object, double, java.lang.Object, java.lang.Object)'> (0x0000000089090610) 
thrown [s\open\src\hotspot\share\interpreter\linkResolver.cpp, line 774]
Event: 2057.285 Thread 0x00000149c215f020 Implicit null exception at 0x00000149d6825bbb to 0x00000149d6825f0e
Event: 2057.290 Thread 0x00000149c215f020 Implicit null exception at 0x00000149d673cd88 to 0x00000149d673e194
Event: 2057.296 Thread 0x00000149c215f020 Implicit null exception at 0x00000149d68fef6d to 0x00000149d68ff8ac
Event: 2057.309 Thread 0x00000149c215f020 Implicit null exception at 0x00000149d683cf40 to 0x00000149d683d29c
Event: 2057.309 Thread 0x00000149c215f020 Implicit null exception at 0x00000149d68a1771 to 0x00000149d68a1865

ZGC Phase Switch (0 events):
No events

VM Operations (20 events):
Event: 2789.152 Executing VM operation: G1PauseRemark
Event: 2789.155 Executing VM operation: G1PauseRemark done
Event: 2789.169 Executing VM operation: G1PauseCleanup
Event: 2789.169 Executing VM operation: G1PauseCleanup done
Event: 2789.423 Executing VM operation: G1CollectForAllocation (G1 Evacuation Pause)
Event: 2789.425 Executing VM operation: G1CollectForAllocation (G1 Evacuation Pause) done
Event: 2789.773 Executing VM operation: G1CollectForAllocation (G1 Evacuation Pause)
Event: 2789.775 Executing VM operation: G1CollectForAllocation (G1 Evacuation Pause) done
Event: 2789.820 Executing VM operation: G1PauseRemark
Event: 2789.824 Executing VM operation: G1PauseRemark done
Event: 2789.839 Executing VM operation: G1PauseCleanup
Event: 2789.839 Executing VM operation: G1PauseCleanup done
Event: 2790.121 Executing VM operation: G1CollectForAllocation (G1 Evacuation Pause)
Event: 2790.122 Executing VM operation: G1CollectForAllocation (G1 Evacuation Pause) done
Event: 2793.149 Executing VM operation: Cleanup
Event: 2793.149 Executing VM operation: Cleanup done
Event: 2795.173 Executing VM operation: Cleanup
Event: 2795.735 Executing VM operation: Cleanup done
Event: 2796.738 Executing VM operation: Cleanup
Event: 2796.738 Executing VM operation: Cleanup done

Events (20 events):
Event: 2789.824 Thread 0x00000149e2b5e360 flushing nmethod 0x00000149d000fd90
Event: 2789.824 Thread 0x00000149e2b5e360 flushing nmethod 0x00000149cee97590
Event: 2789.824 Thread 0x00000149e2b5e360 flushing nmethod 0x00000149cf11f910
Event: 2789.824 Thread 0x00000149e2b5e360 flushing nmethod 0x00000149cf201390
Event: 2789.824 Thread 0x00000149e2b5e360 flushing nmethod 0x00000149cf23c410
Event: 2789.824 Thread 0x00000149e2b5e360 flushing nmethod 0x00000149cf27cb10
Event: 2789.824 Thread 0x00000149e2b5e360 flushing nmethod 0x00000149cf89d810
Event: 2789.824 Thread 0x00000149e2b5e360 flushing nmethod 0x00000149cf8dc910
Event: 2789.824 Thread 0x00000149e2b5e360 flushing nmethod 0x00000149cfefc010
Event: 2789.824 Thread 0x00000149e2b5e360 flushing nmethod 0x00000149cff59490
Event: 2789.824 Thread 0x00000149e2b5e360 flushing nmethod 0x00000149cff6fa90
Event: 2789.824 Thread 0x00000149e2b5e360 flushing nmethod 0x00000149cec22310
Event: 2789.824 Thread 0x00000149e2b5e360 flushing nmethod 0x00000149ceef6e90
Event: 2789.824 Thread 0x00000149e2b5e360 flushing nmethod 0x00000149ceef8d10
Event: 2789.824 Thread 0x00000149e2b5e360 flushing nmethod 0x00000149cf0aa290
Event: 2789.824 Thread 0x00000149e2b5e360 flushing nmethod 0x00000149cf445110
Event: 2789.824 Thread 0x00000149e2b5e360 flushing nmethod 0x00000149cf46aa10
Event: 2789.824 Thread 0x00000149e2b5e360 flushing nmethod 0x00000149d0046010
Event: 2789.824 Thread 0x00000149e2b5e360 flushing nmethod 0x00000149d0053e90
Event: 2792.588 Thread 0x00000149c35d34d0 Thread exited: 0x00000149c35d34d0


Dynamic libraries:
0x00007ff7e6f50000 - 0x00007ff7e6f5e000 	C:\Users\gaurav yadav\.jdks\openjdk-22.0.1\bin\java.exe
0x00007fff1e7a0000 - 0x00007fff1ea07000 	C:\WINDOWS\SYSTEM32\ntdll.dll
0x00007fff1c890000 - 0x00007fff1c959000 	C:\WINDOWS\System32\KERNEL32.DLL
0x00007fff1bf10000 - 0x00007fff1c2ff000 	C:\WINDOWS\System32\KERNELBASE.dll
0x00007fff1b8f0000 - 0x00007fff1ba3b000 	C:\WINDOWS\System32\ucrtbase.dll
0x00007fff12de0000 - 0x00007fff12dfb000 	C:\Users\gaurav yadav\.jdks\openjdk-22.0.1\bin\VCRUNTIME140.dll
0x00007fff18180000 - 0x00007fff18197000 	C:\Users\gaurav yadav\.jdks\openjdk-22.0.1\bin\jli.dll
0x00007fff1c550000 - 0x00007fff1c715000 	C:\WINDOWS\System32\USER32.dll
0x00007ffefda40000 - 0x00007ffefdcd3000 	C:\WINDOWS\WinSxS\amd64_microsoft.windows.common-controls_6595b64144ccf1df_6.0.26100.7309_none_3e05feeae336a044\COMCTL32.dll
0x00007fff1ba40000 - 0x00007fff1ba67000 	C:\WINDOWS\System32\win32u.dll
0x00007fff1db70000 - 0x00007fff1db9b000 	C:\WINDOWS\System32\GDI32.dll
0x00007fff1d730000 - 0x00007fff1d7d9000 	C:\WINDOWS\System32\msvcrt.dll
0x00007fff1bca0000 - 0x00007fff1bdcc000 	C:\WINDOWS\System32\gdi32full.dll
0x00007fff1bbf0000 - 0x00007fff1bc93000 	C:\WINDOWS\System32\msvcp_win.dll
0x00007fff1dc90000 - 0x00007fff1dcc1000 	C:\WINDOWS\System32\IMM32.DLL
0x00007ffef5f90000 - 0x00007ffef6082000 	C:\Program Files\Windhawk\Engine\1.6\64\windhawk.dll
0x00007fff1d640000 - 0x00007fff1d6f4000 	C:\WINDOWS\System32\ADVAPI32.dll
0x00007fff1df20000 - 0x00007fff1dfc6000 	C:\WINDOWS\System32\sechost.dll
0x00007fff1ddf0000 - 0x00007fff1df08000 	C:\WINDOWS\System32\RPCRT4.dll
0x00007fff18170000 - 0x00007fff1817c000 	C:\Users\gaurav yadav\.jdks\openjdk-22.0.1\bin\vcruntime140_1.dll
0x00007ffefe410000 - 0x00007ffefe49e000 	C:\Users\gaurav yadav\.jdks\openjdk-22.0.1\bin\msvcp140.dll
0x00007ffeaf8f0000 - 0x00007ffeb0637000 	C:\Users\gaurav yadav\.jdks\openjdk-22.0.1\bin\server\jvm.dll
0x00007fff1e650000 - 0x00007fff1e6c4000 	C:\WINDOWS\System32\WS2_32.dll
0x00007fff1b750000 - 0x00007fff1b7ae000 	C:\WINDOWS\SYSTEM32\POWRPROF.dll
0x00007fff0f3d0000 - 0x00007fff0f405000 	C:\WINDOWS\SYSTEM32\WINMM.dll
0x00007fff09350000 - 0x00007fff0935b000 	C:\WINDOWS\SYSTEM32\VERSION.dll
0x00007fff1b730000 - 0x00007fff1b744000 	C:\WINDOWS\SYSTEM32\UMPDC.dll
0x00007fff1a6a0000 - 0x00007fff1a6bb000 	C:\WINDOWS\SYSTEM32\kernel.appcore.dll
0x00007fff12dd0000 - 0x00007fff12dda000 	C:\Users\gaurav yadav\.jdks\openjdk-22.0.1\bin\jimage.dll
0x00007fff19170000 - 0x00007fff193b2000 	C:\WINDOWS\SYSTEM32\DBGHELP.DLL
0x00007fff1c960000 - 0x00007fff1cce6000 	C:\WINDOWS\System32\combase.dll
0x00007fff1d8f0000 - 0x00007fff1d9c6000 	C:\WINDOWS\System32\OLEAUT32.dll
0x00007ffef79b0000 - 0x00007ffef79ec000 	C:\WINDOWS\SYSTEM32\dbgcore.DLL
0x00000149c5ef0000 - 0x00000149c5f95000 	C:\WINDOWS\System32\bcryptPrimitives.dll
0x00007fff12da0000 - 0x00007fff12daf000 	C:\Users\gaurav yadav\.jdks\openjdk-22.0.1\bin\instrument.dll
0x00007fff12d80000 - 0x00007fff12d9e000 	C:\Users\gaurav yadav\.jdks\openjdk-22.0.1\bin\java.dll
0x00007fff1cd50000 - 0x00007fff1d4a3000 	C:\WINDOWS\System32\SHELL32.dll
0x00007fff1c310000 - 0x00007fff1c47a000 	C:\WINDOWS\System32\wintypes.dll
0x00007fff1d9d0000 - 0x00007fff1db67000 	C:\WINDOWS\System32\ole32.dll
0x00007fff194c0000 - 0x00007fff19d1e000 	C:\WINDOWS\SYSTEM32\windows.storage.dll
0x00007fff1dcf0000 - 0x00007fff1dde5000 	C:\WINDOWS\System32\SHCORE.dll
0x00007fff1dc20000 - 0x00007fff1dc86000 	C:\WINDOWS\System32\shlwapi.dll
0x00007fff1b810000 - 0x00007fff1b839000 	C:\WINDOWS\SYSTEM32\profapi.dll
0x00007ffef9690000 - 0x00007ffef9767000 	C:\Users\gaurav yadav\.jdks\openjdk-22.0.1\bin\jsvml.dll
0x00007fff08c20000 - 0x00007fff08c37000 	C:\Users\gaurav yadav\.jdks\openjdk-22.0.1\bin\zip.dll
0x00007fff12d70000 - 0x00007fff12d80000 	C:\Users\gaurav yadav\.jdks\openjdk-22.0.1\bin\net.dll
0x00007fff1ac10000 - 0x00007fff1ac7b000 	C:\WINDOWS\system32\mswsock.dll
0x00007fff12d30000 - 0x00007fff12d46000 	C:\Users\gaurav yadav\.jdks\openjdk-22.0.1\bin\nio.dll
0x00007fff09320000 - 0x00007fff09329000 	C:\Users\gaurav yadav\.jdks\openjdk-22.0.1\bin\extnet.dll
0x00007fff08bd0000 - 0x00007fff08bda000 	C:\Users\gaurav yadav\.jdks\openjdk-22.0.1\bin\management.dll
0x00007fff08bc0000 - 0x00007fff08bcb000 	C:\Users\gaurav yadav\.jdks\openjdk-22.0.1\bin\management_ext.dll
0x00007fff1df10000 - 0x00007fff1df18000 	C:\WINDOWS\System32\PSAPI.DLL
0x00007fff08bb0000 - 0x00007fff08bbb000 	C:\Users\gaurav yadav\.jdks\openjdk-22.0.1\bin\le.dll
0x00007fff08bf0000 - 0x00007fff08bfe000 	C:\Users\gaurav yadav\.jdks\openjdk-22.0.1\bin\sunmscapi.dll
0x00007fff1ba70000 - 0x00007fff1bbe7000 	C:\WINDOWS\System32\CRYPT32.dll
0x00007fff1b0f0000 - 0x00007fff1b120000 	C:\WINDOWS\SYSTEM32\ncrypt.dll
0x00007fff1b0a0000 - 0x00007fff1b0df000 	C:\WINDOWS\SYSTEM32\NTASN1.dll
0x00007fff1aed0000 - 0x00007fff1aeeb000 	C:\WINDOWS\SYSTEM32\CRYPTSP.dll
0x00007fff1a600000 - 0x00007fff1a63a000 	C:\WINDOWS\system32\rsaenh.dll
0x00007fff1acc0000 - 0x00007fff1aceb000 	C:\WINDOWS\SYSTEM32\USERENV.dll
0x00007fff1b7e0000 - 0x00007fff1b80a000 	C:\WINDOWS\SYSTEM32\bcrypt.dll
0x00007fff1aef0000 - 0x00007fff1aefc000 	C:\WINDOWS\SYSTEM32\CRYPTBASE.dll
0x00007fff1a0c0000 - 0x00007fff1a0f4000 	C:\WINDOWS\SYSTEM32\IPHLPAPI.DLL
0x00007fff1e460000 - 0x00007fff1e46a000 	C:\WINDOWS\System32\NSI.dll
0x00007fff08ba0000 - 0x00007fff08bb0000 	C:\Users\gaurav yadav\.jdks\openjdk-22.0.1\bin\verify.dll
0x00007fff1a160000 - 0x00007fff1a28c000 	C:\WINDOWS\SYSTEM32\DNSAPI.dll
0x00007fff12560000 - 0x00007fff1256b000 	C:\Windows\System32\rasadhlp.dll
0x00007fff12950000 - 0x00007fff129d6000 	C:\WINDOWS\System32\fwpuclnt.dll
0x00007ffe8f100000 - 0x00007ffe8f108000 	C:\WINDOWS\system32\wshunix.dll
0x00007ffef00a0000 - 0x00007ffef00b8000 	C:\WINDOWS\system32\napinsp.dll
0x00007ffef0080000 - 0x00007ffef0092000 	C:\WINDOWS\System32\winrnr.dll
0x00007ffef0050000 - 0x00007ffef0072000 	C:\WINDOWS\system32\nlansp_c.dll
0x00007fff09360000 - 0x00007fff09376000 	C:\WINDOWS\system32\wshbth.dll

dbghelp: loaded successfully - version: 4.0.5 - missing functions: none
symbol engine: initialized successfully - sym options: 0x614 - pdb path: .;C:\Users\gaurav yadav\.jdks\openjdk-22.0.1\bin;C:\WINDOWS\SYSTEM32;C:\WINDOWS\WinSxS\amd64_microsoft.windows.common-controls_6595b64144ccf1df_6.0.26100.7309_none_3e05feeae336a044;C:\Program Files\Windhawk\Engine\1.6\64;C:\Users\gaurav yadav\.jdks\openjdk-22.0.1\bin\server

VM Arguments:
jvm_args: -javaagent:C:\Program Files\JetBrains\IntelliJ IDEA Community Edition 2025.2.6\lib\idea_rt.jar=28704 -Dfile.encoding=UTF-8 -Dsun.stdout.encoding=UTF-8 -Dsun.stderr.encoding=UTF-8 
java_command: com.gaurav.CryptoTradingPlatform
java_class_path (initial): C:\Crypto-Trading\Crypto-Backend\target\classes;C:\Users\gaurav yadav\.m2\repository\org\springframework\boot\spring-boot-starter-data-jpa\3.2.4\spring-boot-starter-data-jpa-3.2.4.jar;C:\Users\gaurav yadav\.m2\repository\org\springframework\boot\spring-boot-starter-aop\3.2.4\spring-boot-starter-aop-3.2.4.jar;C:\Users\gaurav yadav\.m2\repository\org\aspectj\aspectjweaver\1.9.21\aspectjweaver-1.9.21.jar;C:\Users\gaurav yadav\.m2\repository\org\springframework\boot\spring-boot-starter-jdbc\3.2.4\spring-boot-starter-jdbc-3.2.4.jar;C:\Users\gaurav yadav\.m2\repository\com\zaxxer\HikariCP\5.0.1\HikariCP-5.0.1.jar;C:\Users\gaurav yadav\.m2\repository\org\springframework\spring-jdbc\6.1.5\spring-jdbc-6.1.5.jar;C:\Users\gaurav yadav\.m2\repository\org\hibernate\orm\hibernate-core\6.4.4.Final\hibernate-core-6.4.4.Final.jar;C:\Users\gaurav yadav\.m2\repository\jakarta\persistence\jakarta.persistence-api\3.1.0\jakarta.persistence-api-3.1.0.jar;C:\Users\gaurav yadav\.m2\repository\jakarta\transaction\jakarta.transaction-api\2.0.1\jakarta.transaction-api-2.0.1.jar;C:\Users\gaurav yadav\.m2\repository\org\jboss\logging\jboss-logging\3.5.3.Final\jboss-logging-3.5.3.Final.jar;C:\Users\gaurav yadav\.m2\repository\org\hibernate\common\hibernate-commons-annotations\6.0.6.Final\hibernate-commons-annotations-6.0.6.Final.jar;C:\Users\gaurav yadav\.m2\repository\io\smallrye\jandex\3.1.2\jandex-3.1.2.jar;C:\Users\gaurav yadav\.m2\repository\com\fasterxml\classmate\1.6.0\classmate-1.6.0.jar;C:\Users\gaurav yadav\.m2\repository\net\bytebuddy\byte-buddy\1.14.12\byte-buddy-1.14.12.jar;C:\Users\gaurav yadav\.m2\repository\org\glassfish\jaxb\jaxb-runtime\4.0.5\jaxb-runtime-4.0.5.jar;C:\Users\gaurav yadav\.m2\repository\org\glassfish\jaxb\jaxb-core\4.0.5\jaxb-core-4.0.5.jar;C:\Users\gaurav yadav\.m2\repository\org\glassfish\jaxb\txw2\4.0.5\txw2-4.0.5.jar;C:\Users\gaurav yadav\.m2\repository\com\sun\istack\istack-commons-runtime\4.1.2\istack-commons-runtime-4.1.2.jar;C:\Users\gaurav yadav\.m2\repository\jakarta\inject\jakarta.inject-api\2.0.1\jakarta.inject-api-2.0.1.jar;C:\Users\gaurav yadav\.m2\repository\org\antlr\antlr4-runtime\4.13.0\antlr4-runtime-4.13.0.jar;C:\Users\gaurav yadav\.m2\repository\org\springframework\data\spring-data-jpa\3.2.4\spring-data-jpa-3.2.4.jar;C:\Users\gaurav yadav\.m2\repository\org\springframework\data\spring-data-commons\3.2.4\spring-data-commons-3.2.4.jar;C:\Users\gaurav yadav\.m2\repository\org\springframework\spring-orm\6.1.5\spring-orm-6.1.5.jar;C:\Users\gaurav yadav\.m2\repository\org\springframework\spring-context\6.1.5\spring-context-6.1.5.jar;C:\Users\gaurav yadav\.m2\repository\org\springframework\spring-tx\6.1.5\spring-tx-6.1.5.jar;C:\Users\gaurav yadav\.m2\repository\org\springframework\spring-beans\6.1.5\spring-beans-6.1.5.jar;C:\Users\gaurav yadav\.m2\repository\jakarta\annotation\jakarta.annotation-api\2.1.1\jakarta.annotation-api-2.1.1.jar;C:\Users\gaurav yadav\.m2\repository\org\springframework\spring-aspects\6.1.5\spring-aspects-6.1.5.jar;C:\Users\gaurav yadav\.m2\repository\org\springframework\boot\spring-boot-starter-security\3.2.4\spring-boot-starter-security-3.2.4.jar;C:\Users\gaurav yadav\.m2\repository\org\springframework\boot\spring-boot-starter\3.2.4\spring-boot-starter-3.2.4.jar;C:\Users\gaurav yadav\.m2\repository\org\springframework\boot\spring-boot-starter-logging\3.2.4\spring-boot-starter-logging-3.2.4.jar;C:\Users\gaurav yadav\.m2\repository\ch\qos\logback\logback-classic\1.4.14\logback-classic-1.4.14.jar;C:\Users\gaurav yadav\.m2\repository\ch\qos\logback\logback-core\1.4.14\logback-core-1.4.14.jar;C:\Users\gaurav yadav\.m2\repository\org\apache\logging\log4j\log4j-to-slf4j\2.21.1\log4j-to-slf4j-2.21.1.jar;C:\Users\gaurav yadav\.m2\repository\org\apache\logging\log4j\log4j-api\2.21.1\log4j-api-2.21.1.jar;C:\Users\gaurav yadav\.m2\repository\org\slf4j\jul-to-slf4j\2.0.12\jul-to-slf4j-2.0.12.jar;C:\Users\gaurav yadav\.m2\repository\org\yaml\snakeyaml\2.2\snakeyaml-2.2.jar;C:\Users\gaurav yadav\.m2\repository\org\springframework\spring-aop\6.1.5\spring-aop-6.1.5.jar;C:\Users\gaurav yadav\.m2\repository\org\springframework\security\spring-security-config\6.2.3\spring-security-config-6.2.3.jar;C:\Users\gaurav yadav\.m2\repository\org\springframework\security\spring-security-web\6.2.3\spring-security-web-6.2.3.jar;C:\Users\gaurav yadav\.m2\repository\org\springframework\spring-expression\6.1.5\spring-expression-6.1.5.jar;C:\Users\gaurav yadav\.m2\repository\org\springframework\boot\spring-boot-starter-validation\3.2.4\spring-boot-starter-validation-3.2.4.jar;C:\Users\gaurav yadav\.m2\repository\org\apache\tomcat\embed\tomcat-embed-el\10.1.19\tomcat-embed-el-10.1.19.jar;C:\Users\gaurav yadav\.m2\repository\org\hibernate\validator\hibernate-validator\8.0.1.Final\hibernate-validator-8.0.1.Final.jar;C:\Users\gaurav yadav\.m2\repository\jakarta\validation\jakarta.validation-api\3.0.2\jakarta.validation-api-3.0.2.jar;C:\Users\gaurav yadav\.m2\repository\org\springframework\boot\spring-boot-starter-web\3.2.4\spring-boot-starter-web-3.2.4.jar;C:\Users\gaurav yadav\.m2\repository\org\springframework\boot\spring-boot-starter-json\3.2.4\spring-boot-starter-json-3.2.4.jar;C:\Users\gaurav yadav\.m2\repository\com\fasterxml\jackson\datatype\jackson-datatype-jdk8\2.15.4\jackson-datatype-jdk8-2.15.4.jar;C:\Users\gaurav yadav\.m2\repository\com\fasterxml\jackson\datatype\jackson-datatype-jsr310\2.15.4\jackson-datatype-jsr310-2.15.4.jar;C:\Users\gaurav yadav\.m2\repository\com\fasterxml\jackson\module\jackson-module-parameter-names\2.15.4\jackson-module-parameter-names-2.15.4.jar;C:\Users\gaurav yadav\.m2\repository\org\springframework\boot\spring-boot-starter-tomcat\3.2.4\spring-boot-starter-tomcat-3.2.4.jar;C:\Users\gaurav yadav\.m2\repository\org\apache\tomcat\embed\tomcat-embed-core\10.1.19\tomcat-embed-core-10.1.19.jar;C:\Users\gaurav yadav\.m2\repository\org\apache\tomcat\embed\tomcat-embed-websocket\10.1.19\tomcat-embed-websocket-10.1.19.jar;C:\Users\gaurav yadav\.m2\repository\org\springframework\spring-web\6.1.5\spring-web-6.1.5.jar;C:\Users\gaurav yadav\.m2\repository\io\micrometer\micrometer-observation\1.12.4\micrometer-observation-1.12.4.jar;C:\Users\gaurav yadav\.m2\repository\io\micrometer\micrometer-commons\1.12.4\micrometer-commons-1.12.4.jar;C:\Users\gaurav yadav\.m2\repository\org\springframework\spring-webmvc\6.1.5\spring-webmvc-6.1.5.jar;C:\Users\gaurav yadav\.m2\repository\org\springframework\boot\spring-boot-devtools\3.2.4\spring-boot-devtools-3.2.4.jar;C:\Users\gaurav yadav\.m2\repository\org\springframework\boot\spring-boot\3.2.4\spring-boot-3.2.4.jar;C:\Users\gaurav yadav\.m2\repository\org\springframework\boot\spring-boot-autoconfigure\3.2.4\spring-boot-autoconfigure-3.2.4.jar;C:\Users\gaurav yadav\.m2\repository\com\mysql\mysql-connector-j\8.3.0\mysql-connector-j-8.3.0.jar;C:\Users\gaurav yadav\.m2\repository\org\projectlombok\lombok\1.18.30\lombok-1.18.30.jar;C:\Users\gaurav yadav\.m2\repository\jakarta\xml\bind\jakarta.xml.bind-api\4.0.2\jakarta.xml.bind-api-4.0.2.jar;C:\Users\gaurav yadav\.m2\repository\jakarta\activation\jakarta.activation-api\2.1.3\jakarta.activation-api-2.1.3.jar;C:\Users\gaurav yadav\.m2\repository\net\minidev\json-smart\2.5.0\json-smart-2.5.0.jar;C:\Users\gaurav yadav\.m2\repository\net\minidev\accessors-smart\2.5.0\accessors-smart-2.5.0.jar;C:\Users\gaurav yadav\.m2\repository\org\ow2\asm\asm\9.3\asm-9.3.jar;C:\Users\gaurav yadav\.m2\repository\org\springframework\spring-core\6.1.5\spring-core-6.1.5.jar;C:\Users\gaurav yadav\.m2\repository\org\springframework\spring-jcl\6.1.5\spring-jcl-6.1.5.jar;C:\Users\gaurav yadav\.m2\repository\org\springframework\security\spring-security-core\6.2.3\spring-security-core-6.2.3.jar;C:\Users\gaurav yadav\.m2\repository\org\springframework\security\spring-security-crypto\6.2.3\spring-security-crypto-6.2.3.jar;C:\Users\gaurav yadav\.m2\repository\io\jsonwebtoken\jjwt-api\0.11.1\jjwt-api-0.11.1.jar;C:\Users\gaurav yadav\.m2\repository\io\jsonwebtoken\jjwt-impl\0.11.1\jjwt-impl-0.11.1.jar;C:\Users\gaurav yadav\.m2\repository\io\jsonwebtoken\jjwt-jackson\0.11.1\jjwt-jackson-0.11.1.jar;C:\Users\gaurav yadav\.m2\repository\com\fasterxml\jackson\core\jackson-databind\2.15.4\jackson-databind-2.15.4.jar;C:\Users\gaurav yadav\.m2\repository\com\fasterxml\jackson\core\jackson-annotations\2.15.4\jackson-annotations-2.15.4.jar;C:\Users\gaurav yadav\.m2\repository\com\fasterxml\jackson\core\jackson-core\2.15.4\jackson-core-2.15.4.jar;C:\Users\gaurav yadav\.m2\repository\org\springframework\boot\spring-boot-starter-mail\3.2.4\spring-boot-starter-mail-3.2.4.jar;C:\Users\gaurav yadav\.m2\repository\org\springframework\spring-context-support\6.1.5\spring-context-support-6.1.5.jar;C:\Users\gaurav yadav\.m2\repository\org\eclipse\angus\jakarta.mail\2.0.3\jakarta.mail-2.0.3.jar;C:\Users\gaurav yadav\.m2\repository\org\eclipse\angus\angus-activation\2.0.2\angus-activation-2.0.2.jar;C:\Users\gaurav yadav\.m2\repository\org\springframework\boot\spring-boot-starter-oauth2-client\3.2.4\spring-boot-starter-oauth2-client-3.2.4.jar;C:\Users\gaurav yadav\.m2\repository\org\springframework\security\spring-security-oauth2-client\6.2.3\spring-security-oauth2-client-6.2.3.jar;C:\Users\gaurav yadav\.m2\repository\org\springframework\security\spring-security-oauth2-core\6.2.3\spring-security-oauth2-core-6.2.3.jar;C:\Users\gaurav yadav\.m2\repository\com\nimbusds\oauth2-oidc-sdk\9.43.3\oauth2-oidc-sdk-9.43.3.jar;C:\Users\gaurav yadav\.m2\repository\com\github\stephenc\jcip\jcip-annotations\1.0-1\jcip-annotations-1.0-1.jar;C:\Users\gaurav yadav\.m2\repository\com\nimbusds\content-type\2.2\content-type-2.2.jar;C:\Users\gaurav yadav\.m2\repository\com\nimbusds\lang-tag\1.7\lang-tag-1.7.jar;C:\Users\gaurav yadav\.m2\repository\org\springframework\security\spring-security-oauth2-jose\6.2.3\spring-security-oauth2-jose-6.2.3.jar;C:\Users\gaurav yadav\.m2\repository\com\nimbusds\nimbus-jose-jwt\9.24.4\nimbus-jose-jwt-9.24.4.jar;C:\Users\gaurav yadav\.m2\repository\com\razorpay\razorpay-java\1.4.3\razorpay-java-1.4.3.jar;C:\Users\gaurav yadav\.m2\repository\org\json\json\20180130\json-20180130.jar;C:\Users\gaurav yadav\.m2\repository\com\squareup\okhttp3\okhttp\4.12.0\okhttp-4.12.0.jar;C:\Users\gaurav yadav\.m2\repository\com\squareup\okio\okio\3.6.0\okio-3.6.0.jar;C:\Users\gaurav yadav\.m2\repository\com\squareup\okio\okio-jvm\3.6.0\okio-jvm-3.6.0.jar;C:\Users\gaurav yadav\.m2\repository\org\jetbrains\kotlin\kotlin-stdlib-common\1.9.23\kotlin-stdlib-common-1.9.23.jar;C:\Users\gaurav yadav\.m2\repository\org\jetbrains\kotlin\kotlin-stdlib-jdk8\1.9.23\kotlin-stdlib-jdk8-1.9.23.jar;C:\Users\gaurav yadav\.m2\repository\org\jetbrains\kotlin\kotlin-stdlib\1.9.23\kotlin-stdlib-1.9.23.jar;C:\Users\gaurav yadav\.m2\repository\org\jetbrains\annotations\13.0\annotations-13.0.jar;C:\Users\gaurav yadav\.m2\repository\org\jetbrains\kotlin\kotlin-stdlib-jdk7\1.9.23\kotlin-stdlib-jdk7-1.9.23.jar;C:\Users\gaurav yadav\.m2\repository\com\squareup\okhttp3\logging-interceptor\4.12.0\logging-interceptor-4.12.0.jar;C:\Users\gaurav yadav\.m2\repository\commons-codec\commons-codec\1.16.1\commons-codec-1.16.1.jar;C:\Users\gaurav yadav\.m2\repository\org\apache\commons\commons-text\1.3\commons-text-1.3.jar;C:\Users\gaurav yadav\.m2\repository\org\apache\commons\commons-lang3\3.13.0\commons-lang3-3.13.0.jar;C:\Users\gaurav yadav\.m2\repository\com\stripe\stripe-java\20.62.0\stripe-java-20.62.0.jar;C:\Users\gaurav yadav\.m2\repository\com\google\code\gson\gson\2.10.1\gson-2.10.1.jar;C:\Users\gaurav yadav\.m2\repository\com\jayway\jsonpath\json-path\2.6.0\json-path-2.6.0.jar;C:\Users\gaurav yadav\.m2\repository\org\slf4j\slf4j-api\2.0.12\slf4j-api-2.0.12.jar
Launcher Type: SUN_STANDARD

[Global flags]
     intx CICompilerCount                          = 4                                         {product} {ergonomic}
     uint ConcGCThreads                            = 2                                         {product} {ergonomic}
     uint G1ConcRefinementThreads                  = 8                                         {product} {ergonomic}
   size_t G1HeapRegionSize                         = 1048576                                   {product} {ergonomic}
   size_t InitialHeapSize                          = 130023424                                 {product} {ergonomic}
   size_t MarkStackSize                            = 4194304                                   {product} {ergonomic}
   size_t MaxHeapSize                              = 2055208960                                {product} {ergonomic}
   size_t MaxNewSize                               = 1233125376                                {product} {ergonomic}
   size_t MinHeapDeltaBytes                        = 1048576                                   {product} {ergonomic}
   size_t MinHeapSize                              = 8388608                                   {product} {ergonomic}
    uintx NonNMethodCodeHeapSize                   = 5839372                                {pd product} {ergonomic}
    uintx NonProfiledCodeHeapSize                  = 122909434                              {pd product} {ergonomic}
    uintx ProfiledCodeHeapSize                     = 122909434                              {pd product} {ergonomic}
    uintx ReservedCodeCacheSize                    = 251658240                              {pd product} {ergonomic}
     bool SegmentedCodeCache                       = true                                      {product} {ergonomic}
   size_t SoftMaxHeapSize                          = 2055208960                             {manageable} {ergonomic}
     bool UseCompressedOops                        = true                           {product lp64_product} {ergonomic}
     bool UseG1GC                                  = true                                      {product} {ergonomic}
     bool UseLargePagesIndividualAllocation        = false                                  {pd product} {ergonomic}

Logging:
Log output configuration:
 #0: stdout all=warning uptime,level,tags foldmultilines=false
 #1: stderr all=off uptime,level,tags foldmultilines=false

Environment Variables:
PATH=C:\Program Files\Common Files\Oracle\Java\javapath;F:\oracle\product\10.2.0\db_1\bin;C:\Program Files (x86)\Common Files\Oracle\Java\javapath;C:\WINDOWS\system32;C:\WINDOWS;C:\WINDOWS\System32\Wbem;C:\WINDOWS\System32\WindowsPowerShell\v1.0\;C:\WINDOWS\System32\OpenSSH\;C:\Program Files\MySQL\MySQL Server 8.0\bin;C:\Program Files\src\flutter\bin;C:\Program Files\MongoDB\mongosh-2.2.10-win32-x64\bin;C:\Program Files\Git\cmd;C:\Program Files\dotnet\;C:\Program Files\Java\jdk-24\bin;C:\Program Files\nodejs\;C:\Program Files\Common Files\Oracle\Java\javapath;F:\oracle\product\10.2.0\db_1\bin;C:\Program Files (x86)\Common Files\Oracle\Java\javapath;C:\WINDOWS\system32;C:\WINDOWS;C:\WINDOWS\System32\Wbem;C:\WINDOWS\System32\WindowsPowerShell\v1.0\;C:\WINDOWS\System32\OpenSSH\;C:\Program Files\MySQL\MySQL Server 8.0\bin;C:\Program Files\src\flutter\bin;C:\Program Files\MongoDB\mongosh-2.2.10-win32-x64\bin;C:\Program Files\nodejs\;C:\Program Files\Git\cmd;C:\Program Files\dotnet\;C:\Program Files\Java\jdk-24\bin;C:\Program Files\MySQL\MySQL Shell 8.0\bin\;C:\Users\gaurav yadav\AppData\Local\Programs\Python\Python311\Scripts\;C:\Users\gaurav yadav\AppData\Local\Programs\Python\Python311\;C:\Users\gaurav yadav\AppData\Local\Microsoft\WindowsApps;C:\Users\gaurav yadav\AppData\Local\Programs\Microsoft VS Code\bin;C:\Users\gaurav yadav\AppData\Local\GitHubDesktop\bin;C:\Users\gaurav yadav\.dotnet\tools;c:\FullProf_Suite;C:\Program Files (x86)\Nmap;C:\Users\gaurav yadav\AppData\Roaming\npm
USERNAME=gaurav yadav
OS=Windows_NT
PROCESSOR_IDENTIFIER=Intel64 Family 6 Model 140 Stepping 1, GenuineIntel
TMP=C:\Users\GAURAV~1\AppData\Local\Temp
TEMP=C:\Users\GAURAV~1\AppData\Local\Temp




Periodic native trim disabled

---------------  S Y S T E M  ---------------

OS:
 Windows 11 , 64 bit Build 26100 (10.0.26100.7623)
OS uptime: 3 days 10:50 hours
Hyper-V role detected

CPU: total 8 (initial active 8) (4 cores per cpu, 2 threads per core) family 6 model 140 stepping 1 microcode 0xb4, cx8, cmov, fxsr, ht, mmx, 3dnowpref, sse, sse2, sse3, ssse3, sse4.1, sse4.2, popcnt, lzcnt, tsc, tscinvbit, avx, avx2, aes, erms, clmul, bmi1, bmi2, adx, avx512f, avx512dq, avx512cd, avx512bw, avx512vl, sha, fma, vzeroupper, avx512_vpopcntdq, avx512_vpclmulqdq, avx512_vaes, avx512_vnni, clflush, clflushopt, clwb, avx512_vbmi2, avx512_vbmi, hv, rdtscp, rdpid, fsrm, gfni, avx512_bitalg, f16c, cet_ibt, cet_ss, avx512_ifma
Processor Information for all 8 processors :
  Max Mhz: 2001, Current Mhz: 2001, Mhz Limit: 2001

Memory: 4k page, system-wide physical 7834M (502M free)
TotalPageFile size 31386M (AvailPageFile size 4M)
current process WorkingSet (physical memory assigned to process): 249M, peak: 327M
current process commit charge ("private bytes"): 376M, peak: 410M

vm_info: OpenJDK 64-Bit Server VM (22.0.1+8-16) for windows-amd64 JRE (22.0.1+8-16), built on 2024-03-12T10:33:16Z by "mach5one" with MS VC++ 17.6 (VS2022)

END.
